<?xml version="1.0" encoding="UTF-8"?>
<testng-results skipped="0" failed="1" total="1" passed="0">
  <reporter-output>
  </reporter-output>
  <suite name="Default suite" duration-ms="47768" started-at="2016-07-21T00:47:14Z" finished-at="2016-07-21T00:48:02Z">
    <groups>
    </groups>
    <test name="Default test" duration-ms="47768" started-at="2016-07-21T00:47:14Z" finished-at="2016-07-21T00:48:02Z">
      <class name="Guru.Day1">
        <test-method status="FAIL" signature="f()[pri:0, instance:Guru.Day1@3ab39c39]" name="f" duration-ms="47707" started-at="2016-07-20T20:47:14Z" finished-at="2016-07-20T20:48:02Z">
          <exception class="org.openqa.selenium.WebDriverException">
            <message>
              <![CDATA[Failed to connect to binary FirefoxBinary(C:\Program Files (x86)\Mozilla Firefox\firefox.exe) on port 7055; process output follows: 
ension","description":"Ð¡Ð²ÐµÐ´ÐµÐ½Ð¸Ñ� Ð¾ ÐºÐ°Ñ‚ÐµÐ³Ð¾Ñ€Ð¸Ð¸ Webroot Ð² Ð¿Ð¾Ð¸Ñ�ÐºÐ¾Ð²Ñ‹Ñ… Ñ�Ð¸Ñ�Ñ‚ÐµÐ¼Ð°Ñ… Google, Bing Ð¸ Yahoo.","creator":"Webroot","homepageURL":"http://www.webroot.com/"},{"locales":["tr-TR"],"name":"Webroot Filtering Extension","description":"Google, Bing ve Yahoo arama motorlarÄ±nda Webroot kategori bilgisi.","creator":"Webroot","homepageURL":"http://www.webroot.com/"},{"locales":["zh-CN"],"name":"Webroot Filtering Extension","description":"Googleã€�Bing å’Œ Yahoo æ�œç´¢å¼•æ“Žä¸Šçš„ Webroot ç±»åˆ«ä¿¡æ�¯ã€‚","creator":"Webroot","homepageURL":"http://www.webroot.com/"},{"locales":["zh-TW"],"name":"Webroot Filtering Extension","description":"åœ¨ Googleã€�Bing å’Œ Yahoo æ�œå°‹å¼•æ“Žä¸Šçš„ Webroot é¡žåˆ¥è³‡è¨Šã€‚","creator":"Webroot","homepageURL":"http://www.webroot.com/"}],"targetApplications":[{"id":"{ec8030f7-c20a-464f-9b0e-13a3a9e97384}","minVersion":"10.0","maxVersion":"48.0"}],"targetPlatforms":[],"multiprocessCompatible":false,"signedState":2,"seen":true}
1469062038288	DeferredSave.extensions.json	DEBUG	Save changes
1469062038288	addons.xpi	DEBUG	Updating database with changes to installed add-ons
1469062038288	addons.xpi-utils	DEBUG	Updating add-on states
1469062038292	addons.xpi-utils	DEBUG	Writing add-ons list
1469062038303	addons.xpi	DEBUG	Registering manifest for C:\Program Files (x86)\Mozilla Firefox\browser\features\e10srollout@mozilla.org.xpi
1469062038304	addons.xpi	DEBUG	Calling bootstrap method startup on e10srollout@mozilla.org version 1.0
1469062038304	addons.xpi	DEBUG	Registering manifest for C:\Program Files (x86)\Mozilla Firefox\browser\features\firefox@getpocket.com.xpi
1469062038306	addons.xpi	DEBUG	Calling bootstrap method startup on firefox@getpocket.com version 1.0.2
1469062038308	addons.xpi	DEBUG	Registering manifest for C:\Program Files (x86)\Mozilla Firefox\browser\features\loop@mozilla.org.xpi
1469062038309	addons.xpi	DEBUG	Calling bootstrap method startup on loop@mozilla.org version 1.3.2
1469062038348	addons.manager	DEBUG	Registering shutdown blocker for XPIProvider
1469062038348	addons.manager	DEBUG	Provider finished startup: XPIProvider
1469062038348	addons.manager	DEBUG	Starting provider: LightweightThemeManager
1469062038348	addons.manager	DEBUG	Registering shutdown blocker for LightweightThemeManager
1469062038349	addons.manager	DEBUG	Provider finished startup: LightweightThemeManager
1469062038350	addons.manager	DEBUG	Starting provider: GMPProvider
1469062038372	addons.manager	DEBUG	Registering shutdown blocker for GMPProvider
1469062038372	addons.manager	DEBUG	Provider finished startup: GMPProvider
1469062038372	addons.manager	DEBUG	Starting provider: PluginProvider
1469062038373	addons.manager	DEBUG	Registering shutdown blocker for PluginProvider
1469062038373	addons.manager	DEBUG	Provider finished startup: PluginProvider
1469062038374	addons.manager	DEBUG	Completed startup sequence
1469062040746	addons.manager	DEBUG	Starting provider: <unnamed-provider>
1469062040747	addons.manager	DEBUG	Registering shutdown blocker for <unnamed-provider>
1469062040748	addons.manager	DEBUG	Provider finished startup: <unnamed-provider>
1469062041511	DeferredSave.extensions.json	DEBUG	Write succeeded
1469062041511	addons.xpi-utils	DEBUG	XPI Database saved, setting schema version preference to 17
1469062041512	DeferredSave.extensions.json	DEBUG	Starting timer
1469062041542	DeferredSave.extensions.json	DEBUG	Starting write
1469062041695	addons.repository	DEBUG	No addons.json found.
1469062041699	DeferredSave.addons.json	DEBUG	Save changes
1469062041711	DeferredSave.addons.json	DEBUG	Starting timer
1469062041855	addons.manager	DEBUG	Starting provider: PreviousExperimentProvider
1469062041855	addons.manager	DEBUG	Registering shutdown blocker for PreviousExperimentProvider
1469062041856	addons.manager	DEBUG	Provider finished startup: PreviousExperimentProvider
1469062041866	DeferredSave.addons.json	DEBUG	Starting write
1469062041885	DeferredSave.extensions.json	DEBUG	Write succeeded
1469062041953	DeferredSave.addons.json	DEBUG	Write succeeded

Build info: version: '2.53.0', revision: '35ae25b', time: '2016-03-15 16:57:40'
System info: host: 'Drishti-PC', ip: '192.168.0.3', os.name: 'Windows 10', os.arch: 'amd64', os.version: '10.0', java.version: '1.8.0_77'
Driver info: driver.version: FirefoxDriver]]>
            </message>
            <full-stacktrace>
              <![CDATA[org.openqa.selenium.WebDriverException: Failed to connect to binary FirefoxBinary(C:\Program Files (x86)\Mozilla Firefox\firefox.exe) on port 7055; process output follows: 
ension","description":"Ð¡Ð²ÐµÐ´ÐµÐ½Ð¸Ñ� Ð¾ ÐºÐ°Ñ‚ÐµÐ³Ð¾Ñ€Ð¸Ð¸ Webroot Ð² Ð¿Ð¾Ð¸Ñ�ÐºÐ¾Ð²Ñ‹Ñ… Ñ�Ð¸Ñ�Ñ‚ÐµÐ¼Ð°Ñ… Google, Bing Ð¸ Yahoo.","creator":"Webroot","homepageURL":"http://www.webroot.com/"},{"locales":["tr-TR"],"name":"Webroot Filtering Extension","description":"Google, Bing ve Yahoo arama motorlarÄ±nda Webroot kategori bilgisi.","creator":"Webroot","homepageURL":"http://www.webroot.com/"},{"locales":["zh-CN"],"name":"Webroot Filtering Extension","description":"Googleã€�Bing å’Œ Yahoo æ�œç´¢å¼•æ“Žä¸Šçš„ Webroot ç±»åˆ«ä¿¡æ�¯ã€‚","creator":"Webroot","homepageURL":"http://www.webroot.com/"},{"locales":["zh-TW"],"name":"Webroot Filtering Extension","description":"åœ¨ Googleã€�Bing å’Œ Yahoo æ�œå°‹å¼•æ“Žä¸Šçš„ Webroot é¡žåˆ¥è³‡è¨Šã€‚","creator":"Webroot","homepageURL":"http://www.webroot.com/"}],"targetApplications":[{"id":"{ec8030f7-c20a-464f-9b0e-13a3a9e97384}","minVersion":"10.0","maxVersion":"48.0"}],"targetPlatforms":[],"multiprocessCompatible":false,"signedState":2,"seen":true}
1469062038288	DeferredSave.extensions.json	DEBUG	Save changes
1469062038288	addons.xpi	DEBUG	Updating database with changes to installed add-ons
1469062038288	addons.xpi-utils	DEBUG	Updating add-on states
1469062038292	addons.xpi-utils	DEBUG	Writing add-ons list
1469062038303	addons.xpi	DEBUG	Registering manifest for C:\Program Files (x86)\Mozilla Firefox\browser\features\e10srollout@mozilla.org.xpi
1469062038304	addons.xpi	DEBUG	Calling bootstrap method startup on e10srollout@mozilla.org version 1.0
1469062038304	addons.xpi	DEBUG	Registering manifest for C:\Program Files (x86)\Mozilla Firefox\browser\features\firefox@getpocket.com.xpi
1469062038306	addons.xpi	DEBUG	Calling bootstrap method startup on firefox@getpocket.com version 1.0.2
1469062038308	addons.xpi	DEBUG	Registering manifest for C:\Program Files (x86)\Mozilla Firefox\browser\features\loop@mozilla.org.xpi
1469062038309	addons.xpi	DEBUG	Calling bootstrap method startup on loop@mozilla.org version 1.3.2
1469062038348	addons.manager	DEBUG	Registering shutdown blocker for XPIProvider
1469062038348	addons.manager	DEBUG	Provider finished startup: XPIProvider
1469062038348	addons.manager	DEBUG	Starting provider: LightweightThemeManager
1469062038348	addons.manager	DEBUG	Registering shutdown blocker for LightweightThemeManager
1469062038349	addons.manager	DEBUG	Provider finished startup: LightweightThemeManager
1469062038350	addons.manager	DEBUG	Starting provider: GMPProvider
1469062038372	addons.manager	DEBUG	Registering shutdown blocker for GMPProvider
1469062038372	addons.manager	DEBUG	Provider finished startup: GMPProvider
1469062038372	addons.manager	DEBUG	Starting provider: PluginProvider
1469062038373	addons.manager	DEBUG	Registering shutdown blocker for PluginProvider
1469062038373	addons.manager	DEBUG	Provider finished startup: PluginProvider
1469062038374	addons.manager	DEBUG	Completed startup sequence
1469062040746	addons.manager	DEBUG	Starting provider: <unnamed-provider>
1469062040747	addons.manager	DEBUG	Registering shutdown blocker for <unnamed-provider>
1469062040748	addons.manager	DEBUG	Provider finished startup: <unnamed-provider>
1469062041511	DeferredSave.extensions.json	DEBUG	Write succeeded
1469062041511	addons.xpi-utils	DEBUG	XPI Database saved, setting schema version preference to 17
1469062041512	DeferredSave.extensions.json	DEBUG	Starting timer
1469062041542	DeferredSave.extensions.json	DEBUG	Starting write
1469062041695	addons.repository	DEBUG	No addons.json found.
1469062041699	DeferredSave.addons.json	DEBUG	Save changes
1469062041711	DeferredSave.addons.json	DEBUG	Starting timer
1469062041855	addons.manager	DEBUG	Starting provider: PreviousExperimentProvider
1469062041855	addons.manager	DEBUG	Registering shutdown blocker for PreviousExperimentProvider
1469062041856	addons.manager	DEBUG	Provider finished startup: PreviousExperimentProvider
1469062041866	DeferredSave.addons.json	DEBUG	Starting write
1469062041885	DeferredSave.extensions.json	DEBUG	Write succeeded
1469062041953	DeferredSave.addons.json	DEBUG	Write succeeded

Build info: version: '2.53.0', revision: '35ae25b', time: '2016-03-15 16:57:40'
System info: host: 'Drishti-PC', ip: '192.168.0.3', os.name: 'Windows 10', os.arch: 'amd64', os.version: '10.0', java.version: '1.8.0_77'
Driver info: driver.version: FirefoxDriver
	at org.openqa.selenium.firefox.internal.NewProfileExtensionConnection.start(NewProfileExtensionConnection.java:124)
	at org.openqa.selenium.firefox.FirefoxDriver.startClient(FirefoxDriver.java:271)
	at org.openqa.selenium.remote.RemoteWebDriver.<init>(RemoteWebDriver.java:119)
	at org.openqa.selenium.firefox.FirefoxDriver.<init>(FirefoxDriver.java:218)
	at org.openqa.selenium.firefox.FirefoxDriver.<init>(FirefoxDriver.java:211)
	at org.openqa.selenium.firefox.FirefoxDriver.<init>(FirefoxDriver.java:207)
	at org.openqa.selenium.firefox.FirefoxDriver.<init>(FirefoxDriver.java:120)
	at Guru.Day1.f(Day1.java:13)
	at sun.reflect.NativeMethodAccessorImpl.invoke0(Native Method)
	at sun.reflect.NativeMethodAccessorImpl.invoke(Unknown Source)
	at sun.reflect.DelegatingMethodAccessorImpl.invoke(Unknown Source)
	at java.lang.reflect.Method.invoke(Unknown Source)
	at org.testng.internal.MethodInvocationHelper.invokeMethod(MethodInvocationHelper.java:85)
	at org.testng.internal.Invoker.invokeMethod(Invoker.java:639)
	at org.testng.internal.Invoker.invokeTestMethod(Invoker.java:816)
	at org.testng.internal.Invoker.invokeTestMethods(Invoker.java:1124)
	at org.testng.internal.TestMethodWorker.invokeTestMethods(TestMethodWorker.java:125)
	at org.testng.internal.TestMethodWorker.run(TestMethodWorker.java:108)
	at org.testng.TestRunner.privateRun(TestRunner.java:774)
	at org.testng.TestRunner.run(TestRunner.java:624)
	at org.testng.SuiteRunner.runTest(SuiteRunner.java:359)
	at org.testng.SuiteRunner.runSequentially(SuiteRunner.java:354)
	at org.testng.SuiteRunner.privateRun(SuiteRunner.java:312)
	at org.testng.SuiteRunner.run(SuiteRunner.java:261)
	at org.testng.SuiteRunnerWorker.runSuite(SuiteRunnerWorker.java:52)
	at org.testng.SuiteRunnerWorker.run(SuiteRunnerWorker.java:86)
	at org.testng.TestNG.runSuitesSequentially(TestNG.java:1215)
	at org.testng.TestNG.runSuitesLocally(TestNG.java:1140)
	at org.testng.TestNG.run(TestNG.java:1048)
	at org.testng.remote.RemoteTestNG.run(RemoteTestNG.java:112)
	at org.testng.remote.RemoteTestNG.initAndRun(RemoteTestNG.java:205)
	at org.testng.remote.RemoteTestNG.main(RemoteTestNG.java:176)
Caused by: org.openqa.selenium.firefox.NotConnectedException: Unable to connect to host 127.0.0.1 on port 7055 after 45000 ms. Firefox console output:
ension","description":"Ð¡Ð²ÐµÐ´ÐµÐ½Ð¸Ñ� Ð¾ ÐºÐ°Ñ‚ÐµÐ³Ð¾Ñ€Ð¸Ð¸ Webroot Ð² Ð¿Ð¾Ð¸Ñ�ÐºÐ¾Ð²Ñ‹Ñ… Ñ�Ð¸Ñ�Ñ‚ÐµÐ¼Ð°Ñ… Google, Bing Ð¸ Yahoo.","creator":"Webroot","homepageURL":"http://www.webroot.com/"},{"locales":["tr-TR"],"name":"Webroot Filtering Extension","description":"Google, Bing ve Yahoo arama motorlarÄ±nda Webroot kategori bilgisi.","creator":"Webroot","homepageURL":"http://www.webroot.com/"},{"locales":["zh-CN"],"name":"Webroot Filtering Extension","description":"Googleã€�Bing å’Œ Yahoo æ�œç´¢å¼•æ“Žä¸Šçš„ Webroot ç±»åˆ«ä¿¡æ�¯ã€‚","creator":"Webroot","homepageURL":"http://www.webroot.com/"},{"locales":["zh-TW"],"name":"Webroot Filtering Extension","description":"åœ¨ Googleã€�Bing å’Œ Yahoo æ�œå°‹å¼•æ“Žä¸Šçš„ Webroot é¡žåˆ¥è³‡è¨Šã€‚","creator":"Webroot","homepageURL":"http://www.webroot.com/"}],"targetApplications":[{"id":"{ec8030f7-c20a-464f-9b0e-13a3a9e97384}","minVersion":"10.0","maxVersion":"48.0"}],"targetPlatforms":[],"multiprocessCompatible":false,"signedState":2,"seen":true}
1469062038288	DeferredSave.extensions.json	DEBUG	Save changes
1469062038288	addons.xpi	DEBUG	Updating database with changes to installed add-ons
1469062038288	addons.xpi-utils	DEBUG	Updating add-on states
1469062038292	addons.xpi-utils	DEBUG	Writing add-ons list
1469062038303	addons.xpi	DEBUG	Registering manifest for C:\Program Files (x86)\Mozilla Firefox\browser\features\e10srollout@mozilla.org.xpi
1469062038304	addons.xpi	DEBUG	Calling bootstrap method startup on e10srollout@mozilla.org version 1.0
1469062038304	addons.xpi	DEBUG	Registering manifest for C:\Program Files (x86)\Mozilla Firefox\browser\features\firefox@getpocket.com.xpi
1469062038306	addons.xpi	DEBUG	Calling bootstrap method startup on firefox@getpocket.com version 1.0.2
1469062038308	addons.xpi	DEBUG	Registering manifest for C:\Program Files (x86)\Mozilla Firefox\browser\features\loop@mozilla.org.xpi
1469062038309	addons.xpi	DEBUG	Calling bootstrap method startup on loop@mozilla.org version 1.3.2
1469062038348	addons.manager	DEBUG	Registering shutdown blocker for XPIProvider
1469062038348	addons.manager	DEBUG	Provider finished startup: XPIProvider
1469062038348	addons.manager	DEBUG	Starting provider: LightweightThemeManager
1469062038348	addons.manager	DEBUG	Registering shutdown blocker for LightweightThemeManager
1469062038349	addons.manager	DEBUG	Provider finished startup: LightweightThemeManager
1469062038350	addons.manager	DEBUG	Starting provider: GMPProvider
1469062038372	addons.manager	DEBUG	Registering shutdown blocker for GMPProvider
1469062038372	addons.manager	DEBUG	Provider finished startup: GMPProvider
1469062038372	addons.manager	DEBUG	Starting provider: PluginProvider
1469062038373	addons.manager	DEBUG	Registering shutdown blocker for PluginProvider
1469062038373	addons.manager	DEBUG	Provider finished startup: PluginProvider
1469062038374	addons.manager	DEBUG	Completed startup sequence
1469062040746	addons.manager	DEBUG	Starting provider: <unnamed-provider>
1469062040747	addons.manager	DEBUG	Registering shutdown blocker for <unnamed-provider>
1469062040748	addons.manager	DEBUG	Provider finished startup: <unnamed-provider>
1469062041511	DeferredSave.extensions.json	DEBUG	Write succeeded
1469062041511	addons.xpi-utils	DEBUG	XPI Database saved, setting schema version preference to 17
1469062041512	DeferredSave.extensions.json	DEBUG	Starting timer
1469062041542	DeferredSave.extensions.json	DEBUG	Starting write
1469062041695	addons.repository	DEBUG	No addons.json found.
1469062041699	DeferredSave.addons.json	DEBUG	Save changes
1469062041711	DeferredSave.addons.json	DEBUG	Starting timer
1469062041855	addons.manager	DEBUG	Starting provider: PreviousExperimentProvider
1469062041855	addons.manager	DEBUG	Registering shutdown blocker for PreviousExperimentProvider
1469062041856	addons.manager	DEBUG	Provider finished startup: PreviousExperimentProvider
1469062041866	DeferredSave.addons.json	DEBUG	Starting write
1469062041885	DeferredSave.extensions.json	DEBUG	Write succeeded
1469062041953	DeferredSave.addons.json	DEBUG	Write succeeded

	at org.openqa.selenium.firefox.internal.NewProfileExtensionConnection.start(NewProfileExtensionConnection.java:112)
	... 31 more
]]>
            </full-stacktrace>
          </exception> <!-- org.openqa.selenium.WebDriverException -->
          <reporter-output>
          </reporter-output>
        </test-method> <!-- f -->
      </class> <!-- Guru.Day1 -->
    </test> <!-- Default test -->
  </suite> <!-- Default suite -->
</testng-results>
